2017-11-16 22:32:48 ERROR ComplexNumbers:49 - Number of arguments is 0
2017-11-16 22:32:48 ERROR ComplexNumbers:58 - This method should have parametrs
Trace: 
com.company.ComlpexNumber.ComplexNumbersTest.main(ComplexNumbersTest.java:32)
org.junit.runner.JUnitCore.run(JUnitCore.java:94)
org.junit.runner.JUnitCore.run(JUnitCore.java:105)
org.junit.runner.JUnitCore.run(JUnitCore.java:115)
org.junit.runner.JUnitCore.run(JUnitCore.java:137)
org.junit.runners.ParentRunner.run(ParentRunner.java:363)
org.junit.runners.ParentRunner$2.evaluate(ParentRunner.java:268)
org.junit.runners.ParentRunner.access$000(ParentRunner.java:58)
org.junit.runners.ParentRunner.runChildren(ParentRunner.java:288)
org.junit.runners.ParentRunner$1.schedule(ParentRunner.java:71)
org.junit.runners.ParentRunner$3.run(ParentRunner.java:290)
org.junit.runners.Suite.runChild(Suite.java:27)
org.junit.runners.Suite.runChild(Suite.java:128)
org.junit.runners.ParentRunner.run(ParentRunner.java:363)
org.junit.runners.ParentRunner$2.evaluate(ParentRunner.java:268)
org.junit.runners.ParentRunner.access$000(ParentRunner.java:58)
org.junit.runners.ParentRunner.runChildren(ParentRunner.java:288)
org.junit.runners.ParentRunner$1.schedule(ParentRunner.java:71)
org.junit.runners.ParentRunner$3.run(ParentRunner.java:290)
org.junit.runners.BlockJUnit4ClassRunner.runChild(BlockJUnit4ClassRunner.java:57)
org.junit.runners.BlockJUnit4ClassRunner.runChild(BlockJUnit4ClassRunner.java:78)
org.junit.runners.ParentRunner.runLeaf(ParentRunner.java:325)
org.junit.internal.runners.statements.RunAfters.evaluate(RunAfters.java:27)
org.junit.internal.runners.statements.RunBefores.evaluate(RunBefores.java:26)
org.junit.internal.runners.statements.InvokeMethod.evaluate(InvokeMethod.java:17)
org.junit.runners.model.FrameworkMethod.invokeExplosively(FrameworkMethod.java:47)
org.junit.internal.runners.model.ReflectiveCallable.run(ReflectiveCallable.java:12)
org.junit.runners.model.FrameworkMethod$1.runReflectiveCall(FrameworkMethod.java:50)
java.base/java.lang.reflect.Method.invoke(Method.java:564)
java.base/jdk.internal.reflect.DelegatingMethodAccessorImpl.invoke(DelegatingMethodAccessorImpl.java:43)
java.base/jdk.internal.reflect.NativeMethodAccessorImpl.invoke(NativeMethodAccessorImpl.java:62)
java.base/jdk.internal.reflect.NativeMethodAccessorImpl.invoke0(Native Method)
com.company.ComlpexNumber.ComplexNumbersTest.multiplicationOfDots(ComplexNumbersTest.java:91)
com.company.ComlpexNumber.ComplexNumbers.multiplicationOfDots(ComplexNumbers.java:11)
com.company.ComlpexNumber.ComplexNumbers.isDataValid(ComplexNumbers.java:46)

2017-11-16 22:32:48 ERROR Fraction:22 - Number of denominator is 0
2017-11-16 22:32:48 ERROR Fraction:31 - Divsion by zero
Trace: 
com.company.ComlpexNumber.ComplexNumbersTest.main(ComplexNumbersTest.java:32)
org.junit.runner.JUnitCore.run(JUnitCore.java:94)
org.junit.runner.JUnitCore.run(JUnitCore.java:105)
org.junit.runner.JUnitCore.run(JUnitCore.java:115)
org.junit.runner.JUnitCore.run(JUnitCore.java:137)
org.junit.runners.ParentRunner.run(ParentRunner.java:363)
org.junit.runners.ParentRunner$2.evaluate(ParentRunner.java:268)
org.junit.runners.ParentRunner.access$000(ParentRunner.java:58)
org.junit.runners.ParentRunner.runChildren(ParentRunner.java:288)
org.junit.runners.ParentRunner$1.schedule(ParentRunner.java:71)
org.junit.runners.ParentRunner$3.run(ParentRunner.java:290)
org.junit.runners.Suite.runChild(Suite.java:27)
org.junit.runners.Suite.runChild(Suite.java:128)
org.junit.runners.ParentRunner.run(ParentRunner.java:363)
org.junit.runners.ParentRunner$2.evaluate(ParentRunner.java:268)
org.junit.runners.ParentRunner.access$000(ParentRunner.java:58)
org.junit.runners.ParentRunner.runChildren(ParentRunner.java:288)
org.junit.runners.ParentRunner$1.schedule(ParentRunner.java:71)
org.junit.runners.ParentRunner$3.run(ParentRunner.java:290)
org.junit.runners.BlockJUnit4ClassRunner.runChild(BlockJUnit4ClassRunner.java:57)
org.junit.runners.BlockJUnit4ClassRunner.runChild(BlockJUnit4ClassRunner.java:78)
org.junit.runners.ParentRunner.runLeaf(ParentRunner.java:325)
org.junit.internal.runners.statements.RunAfters.evaluate(RunAfters.java:27)
org.junit.internal.runners.statements.RunBefores.evaluate(RunBefores.java:26)
org.junit.internal.runners.statements.InvokeMethod.evaluate(InvokeMethod.java:17)
org.junit.runners.model.FrameworkMethod.invokeExplosively(FrameworkMethod.java:47)
org.junit.internal.runners.model.ReflectiveCallable.run(ReflectiveCallable.java:12)
org.junit.runners.model.FrameworkMethod$1.runReflectiveCall(FrameworkMethod.java:50)
java.base/java.lang.reflect.Method.invoke(Method.java:564)
java.base/jdk.internal.reflect.DelegatingMethodAccessorImpl.invoke(DelegatingMethodAccessorImpl.java:43)
java.base/jdk.internal.reflect.NativeMethodAccessorImpl.invoke(NativeMethodAccessorImpl.java:62)
java.base/jdk.internal.reflect.NativeMethodAccessorImpl.invoke0(Native Method)
com.company.ComlpexNumber.ComplexNumbersTest.multiplicationOfDots(ComplexNumbersTest.java:91)
com.company.ComlpexNumber.ComplexNumbers.multiplicationOfDots(ComplexNumbers.java:24)
com.company.Fraction.Fraction.<init>(Fraction.java:15)

2017-11-16 22:32:48 ERROR Fraction:22 - Number of denominator is 0
2017-11-16 22:32:48 ERROR Fraction:31 - Divsion by zero
Trace: 
com.company.ComlpexNumber.ComplexNumbersTest.main(ComplexNumbersTest.java:32)
org.junit.runner.JUnitCore.run(JUnitCore.java:94)
org.junit.runner.JUnitCore.run(JUnitCore.java:105)
org.junit.runner.JUnitCore.run(JUnitCore.java:115)
org.junit.runner.JUnitCore.run(JUnitCore.java:137)
org.junit.runners.ParentRunner.run(ParentRunner.java:363)
org.junit.runners.ParentRunner$2.evaluate(ParentRunner.java:268)
org.junit.runners.ParentRunner.access$000(ParentRunner.java:58)
org.junit.runners.ParentRunner.runChildren(ParentRunner.java:288)
org.junit.runners.ParentRunner$1.schedule(ParentRunner.java:71)
org.junit.runners.ParentRunner$3.run(ParentRunner.java:290)
org.junit.runners.Suite.runChild(Suite.java:27)
org.junit.runners.Suite.runChild(Suite.java:128)
org.junit.runners.ParentRunner.run(ParentRunner.java:363)
org.junit.runners.ParentRunner$2.evaluate(ParentRunner.java:268)
org.junit.runners.ParentRunner.access$000(ParentRunner.java:58)
org.junit.runners.ParentRunner.runChildren(ParentRunner.java:288)
org.junit.runners.ParentRunner$1.schedule(ParentRunner.java:71)
org.junit.runners.ParentRunner$3.run(ParentRunner.java:290)
org.junit.runners.BlockJUnit4ClassRunner.runChild(BlockJUnit4ClassRunner.java:57)
org.junit.runners.BlockJUnit4ClassRunner.runChild(BlockJUnit4ClassRunner.java:78)
org.junit.runners.ParentRunner.runLeaf(ParentRunner.java:325)
org.junit.internal.runners.statements.RunAfters.evaluate(RunAfters.java:27)
org.junit.internal.runners.statements.RunBefores.evaluate(RunBefores.java:26)
org.junit.internal.runners.statements.InvokeMethod.evaluate(InvokeMethod.java:17)
org.junit.runners.model.FrameworkMethod.invokeExplosively(FrameworkMethod.java:47)
org.junit.internal.runners.model.ReflectiveCallable.run(ReflectiveCallable.java:12)
org.junit.runners.model.FrameworkMethod$1.runReflectiveCall(FrameworkMethod.java:50)
java.base/java.lang.reflect.Method.invoke(Method.java:564)
java.base/jdk.internal.reflect.DelegatingMethodAccessorImpl.invoke(DelegatingMethodAccessorImpl.java:43)
java.base/jdk.internal.reflect.NativeMethodAccessorImpl.invoke(NativeMethodAccessorImpl.java:62)
java.base/jdk.internal.reflect.NativeMethodAccessorImpl.invoke0(Native Method)
com.company.ComlpexNumber.ComplexNumbersTest.multiplicationOfDots(ComplexNumbersTest.java:91)
com.company.ComlpexNumber.ComplexNumbers.multiplicationOfDots(ComplexNumbers.java:24)
com.company.Fraction.Fraction.<init>(Fraction.java:15)

2017-11-16 22:32:48 ERROR ComplexNumbers:49 - Number of arguments is 0
2017-11-16 22:32:48 ERROR ComplexNumbers:58 - This method should have parametrs
Trace: 
com.company.ComlpexNumber.ComplexNumbersTest.main(ComplexNumbersTest.java:32)
org.junit.runner.JUnitCore.run(JUnitCore.java:94)
org.junit.runner.JUnitCore.run(JUnitCore.java:105)
org.junit.runner.JUnitCore.run(JUnitCore.java:115)
org.junit.runner.JUnitCore.run(JUnitCore.java:137)
org.junit.runners.ParentRunner.run(ParentRunner.java:363)
org.junit.runners.ParentRunner$2.evaluate(ParentRunner.java:268)
org.junit.runners.ParentRunner.access$000(ParentRunner.java:58)
org.junit.runners.ParentRunner.runChildren(ParentRunner.java:288)
org.junit.runners.ParentRunner$1.schedule(ParentRunner.java:71)
org.junit.runners.ParentRunner$3.run(ParentRunner.java:290)
org.junit.runners.Suite.runChild(Suite.java:27)
org.junit.runners.Suite.runChild(Suite.java:128)
org.junit.runners.ParentRunner.run(ParentRunner.java:363)
org.junit.runners.ParentRunner$2.evaluate(ParentRunner.java:268)
org.junit.runners.ParentRunner.access$000(ParentRunner.java:58)
org.junit.runners.ParentRunner.runChildren(ParentRunner.java:288)
org.junit.runners.ParentRunner$1.schedule(ParentRunner.java:71)
org.junit.runners.ParentRunner$3.run(ParentRunner.java:290)
org.junit.runners.BlockJUnit4ClassRunner.runChild(BlockJUnit4ClassRunner.java:57)
org.junit.runners.BlockJUnit4ClassRunner.runChild(BlockJUnit4ClassRunner.java:78)
org.junit.runners.ParentRunner.runLeaf(ParentRunner.java:325)
org.junit.internal.runners.statements.RunAfters.evaluate(RunAfters.java:27)
org.junit.internal.runners.statements.RunBefores.evaluate(RunBefores.java:26)
org.junit.internal.runners.statements.InvokeMethod.evaluate(InvokeMethod.java:17)
org.junit.runners.model.FrameworkMethod.invokeExplosively(FrameworkMethod.java:47)
org.junit.internal.runners.model.ReflectiveCallable.run(ReflectiveCallable.java:12)
org.junit.runners.model.FrameworkMethod$1.runReflectiveCall(FrameworkMethod.java:50)
java.base/java.lang.reflect.Method.invoke(Method.java:564)
java.base/jdk.internal.reflect.DelegatingMethodAccessorImpl.invoke(DelegatingMethodAccessorImpl.java:43)
java.base/jdk.internal.reflect.NativeMethodAccessorImpl.invoke(NativeMethodAccessorImpl.java:62)
java.base/jdk.internal.reflect.NativeMethodAccessorImpl.invoke0(Native Method)
com.company.ComlpexNumber.ComplexNumbersTest.sumOfDots(ComplexNumbersTest.java:73)
com.company.ComlpexNumber.ComplexNumbers.sumOfDots(ComplexNumbers.java:28)
com.company.ComlpexNumber.ComplexNumbers.isDataValid(ComplexNumbers.java:46)

2017-11-16 22:32:48 ERROR Fraction:22 - Number of denominator is 0
2017-11-16 22:32:48 ERROR Fraction:31 - Divsion by zero
Trace: 
com.company.ComlpexNumber.ComplexNumbersTest.main(ComplexNumbersTest.java:32)
org.junit.runner.JUnitCore.run(JUnitCore.java:94)
org.junit.runner.JUnitCore.run(JUnitCore.java:105)
org.junit.runner.JUnitCore.run(JUnitCore.java:115)
org.junit.runner.JUnitCore.run(JUnitCore.java:137)
org.junit.runners.ParentRunner.run(ParentRunner.java:363)
org.junit.runners.ParentRunner$2.evaluate(ParentRunner.java:268)
org.junit.runners.ParentRunner.access$000(ParentRunner.java:58)
org.junit.runners.ParentRunner.runChildren(ParentRunner.java:288)
org.junit.runners.ParentRunner$1.schedule(ParentRunner.java:71)
org.junit.runners.ParentRunner$3.run(ParentRunner.java:290)
org.junit.runners.Suite.runChild(Suite.java:27)
org.junit.runners.Suite.runChild(Suite.java:128)
org.junit.runners.ParentRunner.run(ParentRunner.java:363)
org.junit.runners.ParentRunner$2.evaluate(ParentRunner.java:268)
org.junit.runners.ParentRunner.access$000(ParentRunner.java:58)
org.junit.runners.ParentRunner.runChildren(ParentRunner.java:288)
org.junit.runners.ParentRunner$1.schedule(ParentRunner.java:71)
org.junit.runners.ParentRunner$3.run(ParentRunner.java:290)
org.junit.runners.BlockJUnit4ClassRunner.runChild(BlockJUnit4ClassRunner.java:57)
org.junit.runners.BlockJUnit4ClassRunner.runChild(BlockJUnit4ClassRunner.java:78)
org.junit.runners.ParentRunner.runLeaf(ParentRunner.java:325)
org.junit.internal.runners.statements.RunAfters.evaluate(RunAfters.java:27)
org.junit.internal.runners.statements.RunBefores.evaluate(RunBefores.java:26)
org.junit.internal.runners.statements.InvokeMethod.evaluate(InvokeMethod.java:17)
org.junit.runners.model.FrameworkMethod.invokeExplosively(FrameworkMethod.java:47)
org.junit.internal.runners.model.ReflectiveCallable.run(ReflectiveCallable.java:12)
org.junit.runners.model.FrameworkMethod$1.runReflectiveCall(FrameworkMethod.java:50)
java.base/java.lang.reflect.Method.invoke(Method.java:564)
java.base/jdk.internal.reflect.DelegatingMethodAccessorImpl.invoke(DelegatingMethodAccessorImpl.java:43)
java.base/jdk.internal.reflect.NativeMethodAccessorImpl.invoke(NativeMethodAccessorImpl.java:62)
java.base/jdk.internal.reflect.NativeMethodAccessorImpl.invoke0(Native Method)
com.company.ComlpexNumber.ComplexNumbersTest.sumOfDots(ComplexNumbersTest.java:73)
com.company.ComlpexNumber.ComplexNumbers.sumOfDots(ComplexNumbers.java:41)
com.company.Fraction.Fraction.<init>(Fraction.java:15)

2017-11-16 22:32:48 ERROR Fraction:22 - Number of denominator is 0
2017-11-16 22:32:48 ERROR Fraction:31 - Divsion by zero
Trace: 
com.company.ComlpexNumber.ComplexNumbersTest.main(ComplexNumbersTest.java:32)
org.junit.runner.JUnitCore.run(JUnitCore.java:94)
org.junit.runner.JUnitCore.run(JUnitCore.java:105)
org.junit.runner.JUnitCore.run(JUnitCore.java:115)
org.junit.runner.JUnitCore.run(JUnitCore.java:137)
org.junit.runners.ParentRunner.run(ParentRunner.java:363)
org.junit.runners.ParentRunner$2.evaluate(ParentRunner.java:268)
org.junit.runners.ParentRunner.access$000(ParentRunner.java:58)
org.junit.runners.ParentRunner.runChildren(ParentRunner.java:288)
org.junit.runners.ParentRunner$1.schedule(ParentRunner.java:71)
org.junit.runners.ParentRunner$3.run(ParentRunner.java:290)
org.junit.runners.Suite.runChild(Suite.java:27)
org.junit.runners.Suite.runChild(Suite.java:128)
org.junit.runners.ParentRunner.run(ParentRunner.java:363)
org.junit.runners.ParentRunner$2.evaluate(ParentRunner.java:268)
org.junit.runners.ParentRunner.access$000(ParentRunner.java:58)
org.junit.runners.ParentRunner.runChildren(ParentRunner.java:288)
org.junit.runners.ParentRunner$1.schedule(ParentRunner.java:71)
org.junit.runners.ParentRunner$3.run(ParentRunner.java:290)
org.junit.runners.BlockJUnit4ClassRunner.runChild(BlockJUnit4ClassRunner.java:57)
org.junit.runners.BlockJUnit4ClassRunner.runChild(BlockJUnit4ClassRunner.java:78)
org.junit.runners.ParentRunner.runLeaf(ParentRunner.java:325)
org.junit.internal.runners.statements.RunAfters.evaluate(RunAfters.java:27)
org.junit.internal.runners.statements.RunBefores.evaluate(RunBefores.java:26)
org.junit.internal.runners.statements.InvokeMethod.evaluate(InvokeMethod.java:17)
org.junit.runners.model.FrameworkMethod.invokeExplosively(FrameworkMethod.java:47)
org.junit.internal.runners.model.ReflectiveCallable.run(ReflectiveCallable.java:12)
org.junit.runners.model.FrameworkMethod$1.runReflectiveCall(FrameworkMethod.java:50)
java.base/java.lang.reflect.Method.invoke(Method.java:564)
java.base/jdk.internal.reflect.DelegatingMethodAccessorImpl.invoke(DelegatingMethodAccessorImpl.java:43)
java.base/jdk.internal.reflect.NativeMethodAccessorImpl.invoke(NativeMethodAccessorImpl.java:62)
java.base/jdk.internal.reflect.NativeMethodAccessorImpl.invoke0(Native Method)
com.company.ComlpexNumber.ComplexNumbersTest.sumOfDots(ComplexNumbersTest.java:73)
com.company.ComlpexNumber.ComplexNumbers.sumOfDots(ComplexNumbers.java:41)
com.company.Fraction.Fraction.<init>(Fraction.java:15)

